#
# There is insufficient memory for the Java Runtime Environment to continue.
# Native memory allocation (malloc) failed to allocate 1048576 bytes for AllocateHeap
# Possible reasons:
#   The system is out of physical RAM or swap space
#   The process is running with CompressedOops enabled, and the Java Heap may be blocking the growth of the native heap
# Possible solutions:
#   Reduce memory load on the system
#   Increase physical memory or swap space
#   Check if swap backing store is full
#   Decrease Java heap size (-Xmx/-Xms)
#   Decrease number of Java threads
#   Decrease Java thread stack sizes (-Xss)
#   Set larger code cache with -XX:ReservedCodeCacheSize=
#   JVM is running with Unscaled Compressed Oops mode in which the Java heap is
#     placed in the first 4GB address space. The Java Heap base address is the
#     maximum limit for the native heap growth. Please use -XX:HeapBaseMinAddress
#     to set the Java Heap base and to place the Java Heap above 4GB virtual address.
# This output file may be truncated or incomplete.
#
#  Out of Memory Error (allocation.cpp:44), pid=30508, tid=22836
#
# JRE version: OpenJDK Runtime Environment Temurin-17.0.10+7 (17.0.10+7) (build 17.0.10+7)
# Java VM: OpenJDK 64-Bit Server VM Temurin-17.0.10+7 (17.0.10+7, mixed mode, emulated-client, tiered, compressed oops, compressed class ptrs, g1 gc, windows-amd64)
# No core dump will be written. Minidumps are not enabled by default on client versions of Windows
#

---------------  S U M M A R Y ------------

Command Line: -Xmx1024m -Dsts.lsp.client=vscode -Dsts.log.file=/dev/null -XX:TieredStopAtLevel=1 -Xlog:jni+resolve=off -Dspring.config.location=file:c:\Users\so-u\.vscode\extensions\vmware.vscode-spring-boot-1.54.0\language-server\BOOT-INF\classes\application.properties org.springframework.ide.vscode.boot.app.BootLanguageServerBootApp

Host: AMD Ryzen 5 4500U with Radeon Graphics         , 6 cores, 7G,  Windows 11 , 64 bit Build 22621 (10.0.22621.3374)
Time: Mon May 20 20:01:49 2024  Windows 11 , 64 bit Build 22621 (10.0.22621.3374) elapsed time: 1625.006795 seconds (0d 0h 27m 5s)

---------------  T H R E A D  ---------------

Current thread (0x000001f1792dd6b0):  VMThread "VM Thread" [stack: 0x0000001173d00000,0x0000001173e00000] [id=22836]

Stack: [0x0000001173d00000,0x0000001173e00000]
Native frames: (J=compiled Java code, j=interpreted, Vv=VM code, C=native code)
V  [jvm.dll+0x67d2c9]
V  [jvm.dll+0x834afa]
V  [jvm.dll+0x8365be]
V  [jvm.dll+0x836c23]
V  [jvm.dll+0x2477ff]
V  [jvm.dll+0xa6c93]
V  [jvm.dll+0x2f8663]
V  [jvm.dll+0x2f42e0]
V  [jvm.dll+0x2dc8c7]
V  [jvm.dll+0x31fb87]
V  [jvm.dll+0x83b11b]
V  [jvm.dll+0x83be61]
V  [jvm.dll+0x83c37d]
V  [jvm.dll+0x83c754]
V  [jvm.dll+0x83c820]
V  [jvm.dll+0x7e3fba]
V  [jvm.dll+0x67c1b5]
C  [ucrtbase.dll+0x29333]
C  [KERNEL32.DLL+0x1257d]
C  [ntdll.dll+0x5aa48]

VM_Operation (0x00000011751ff130): G1CollectFull, mode: safepoint, requested by thread 0x000001f17e529d30


---------------  P R O C E S S  ---------------

Threads class SMR info:
_java_thread_list=0x000001f17e934590, length=25, elements={
0x000001f1792f3380, 0x000001f1792f8930, 0x000001f17932d480, 0x000001f17932dd50,
0x000001f17932e620, 0x000001f1793f4020, 0x000001f1793f48f0, 0x000001f1793f5200,
0x000001f1795f49a0, 0x000001f179607010, 0x000001f17ebd9840, 0x000001f17e529d30,
0x000001f179ef2030, 0x000001f16e9684f0, 0x000001f179e69030, 0x000001f17ec6d320,
0x000001f179d4a060, 0x000001f179d4bec0, 0x000001f179d4a570, 0x000001f17ece9670,
0x000001f17ece68e0, 0x000001f17ece9160, 0x000001f17ece6df0, 0x000001f17ece7d20,
0x000001f17ece8230
}

Java Threads: ( => current thread )
  0x000001f1792f3380 JavaThread "Reference Handler" daemon [_thread_blocked, id=13844, stack(0x0000001173e00000,0x0000001173f00000)]
  0x000001f1792f8930 JavaThread "Finalizer" daemon [_thread_blocked, id=25188, stack(0x0000001173f00000,0x0000001174000000)]
  0x000001f17932d480 JavaThread "Signal Dispatcher" daemon [_thread_blocked, id=29180, stack(0x0000001174000000,0x0000001174100000)]
  0x000001f17932dd50 JavaThread "Attach Listener" daemon [_thread_blocked, id=3876, stack(0x0000001174100000,0x0000001174200000)]
  0x000001f17932e620 JavaThread "Service Thread" daemon [_thread_blocked, id=14844, stack(0x0000001174200000,0x0000001174300000)]
  0x000001f1793f4020 JavaThread "Monitor Deflation Thread" daemon [_thread_blocked, id=20472, stack(0x0000001174300000,0x0000001174400000)]
  0x000001f1793f48f0 JavaThread "C1 CompilerThread0" daemon [_thread_blocked, id=4144, stack(0x0000001174400000,0x0000001174500000)]
  0x000001f1793f5200 JavaThread "Sweeper thread" daemon [_thread_blocked, id=25496, stack(0x0000001174500000,0x0000001174600000)]
  0x000001f1795f49a0 JavaThread "Notification Thread" daemon [_thread_blocked, id=7656, stack(0x0000001174800000,0x0000001174900000)]
  0x000001f179607010 JavaThread "Common-Cleaner" daemon [_thread_blocked, id=19124, stack(0x0000001174a00000,0x0000001174b00000)]
  0x000001f17ebd9840 JavaThread "boundedElastic-evictor-1" daemon [_thread_blocked, id=26948, stack(0x0000001175000000,0x0000001175100000)]
  0x000001f17e529d30 JavaThread "pool-13-thread-1" [_thread_blocked, id=33168, stack(0x0000001175100000,0x0000001175200000)]
  0x000001f179ef2030 JavaThread "LanguageServerApp-lifecycle" [_thread_blocked, id=15232, stack(0x0000001175300000,0x0000001175400000)]
  0x000001f16e9684f0 JavaThread "DestroyJavaVM" [_thread_blocked, id=3520, stack(0x0000001173700000,0x0000001173800000)]
  0x000001f179e69030 JavaThread "pool-14-thread-1" [_thread_in_native, id=10852, stack(0x0000001175400000,0x0000001175500000)]
  0x000001f17ec6d320 JavaThread "Simple-Language-Server main thread" daemon [_thread_blocked, id=26244, stack(0x0000001175500000,0x0000001175600000)]
  0x000001f179d4a060 JavaThread "pool-8-thread-1" [_thread_blocked, id=26412, stack(0x0000001175900000,0x0000001175a00000)]
  0x000001f179d4bec0 JavaThread "parallel-1" daemon [_thread_blocked, id=22448, stack(0x0000001175a00000,0x0000001175b00000)]
  0x000001f179d4a570 JavaThread "parallel-2" daemon [_thread_blocked, id=26656, stack(0x0000001175b00000,0x0000001175c00000)]
  0x000001f17ece9670 JavaThread "pool-6-thread-1" [_thread_blocked, id=30328, stack(0x0000001176500000,0x0000001176600000)]
  0x000001f17ece68e0 JavaThread "parallel-3" daemon [_thread_blocked, id=33204, stack(0x0000001176600000,0x0000001176700000)]
  0x000001f17ece9160 JavaThread "parallel-4" daemon [_thread_blocked, id=33332, stack(0x0000001176700000,0x0000001176800000)]
  0x000001f17ece6df0 JavaThread "Reconciler-1" daemon [_thread_blocked, id=12704, stack(0x0000001176800000,0x0000001176900000)]
  0x000001f17ece7d20 JavaThread "parallel-5" daemon [_thread_blocked, id=10380, stack(0x0000001174600000,0x0000001174700000)]
  0x000001f17ece8230 JavaThread "parallel-6" daemon [_thread_blocked, id=20608, stack(0x0000001175700000,0x0000001175800000)]

Other Threads:
=>0x000001f1792dd6b0 VMThread "VM Thread" [stack: 0x0000001173d00000,0x0000001173e00000] [id=22836]
  0x000001f1795f4e80 WatcherThread [stack: 0x0000001174900000,0x0000001174a00000] [id=17944]
  0x000001f16e9a62e0 GCTaskThread "GC Thread#0" [stack: 0x0000001173800000,0x0000001173900000] [id=6152]
  0x000001f179573900 GCTaskThread "GC Thread#1" [stack: 0x0000001174700000,0x0000001174800000] [id=14756]
  0x000001f179fceb80 GCTaskThread "GC Thread#2" [stack: 0x0000001174c00000,0x0000001174d00000] [id=2248]
  0x000001f179534090 GCTaskThread "GC Thread#3" [stack: 0x0000001174d00000,0x0000001174e00000] [id=3868]
  0x000001f17e33f220 GCTaskThread "GC Thread#4" [stack: 0x0000001174e00000,0x0000001174f00000] [id=18164]
  0x000001f17e3269e0 GCTaskThread "GC Thread#5" [stack: 0x0000001174f00000,0x0000001175000000] [id=26308]
  0x000001f16e9af140 ConcurrentGCThread "G1 Main Marker" [stack: 0x0000001173900000,0x0000001173a00000] [id=26572]
  0x000001f16e9afa70 ConcurrentGCThread "G1 Conc#0" [stack: 0x0000001173a00000,0x0000001173b00000] [id=5576]
  0x000001f17e4f4290 ConcurrentGCThread "G1 Conc#1" [stack: 0x0000001175200000,0x0000001175300000] [id=13116]
  0x000001f1791520b0 ConcurrentGCThread "G1 Refine#0" [stack: 0x0000001173b00000,0x0000001173c00000] [id=32364]
  0x000001f1791529f0 ConcurrentGCThread "G1 Service" [stack: 0x0000001173c00000,0x0000001173d00000] [id=10080]

Threads with active compile tasks:

VM state: at safepoint (normal execution)

VM Mutex/Monitor currently owned by a thread:  ([mutex/lock_event])
[0x000001f16c7dc740] Threads_lock - owner thread: 0x000001f1792dd6b0
[0x000001f16e966ec0] Heap_lock - owner thread: 0x000001f17e529d30

Heap address: 0x00000000c0000000, size: 1024 MB, Compressed Oops mode: 32-bit

CDS archive(s) not mapped
Compressed class space mapped at: 0x0000000100000000-0x0000000140000000, reserved size: 1073741824
Narrow klass base: 0x0000000000000000, Narrow klass shift: 3, Narrow klass range: 0x140000000

GC Precious Log:
 CPUs: 6 total, 6 available
 Memory: 7549M
 Large Page Support: Disabled
 NUMA Support: Disabled
 Compressed Oops: Enabled (32-bit)
 Heap Region Size: 1M
 Heap Min Capacity: 8M
 Heap Initial Capacity: 118M
 Heap Max Capacity: 1G
 Pre-touch: Disabled
 Parallel Workers: 6
 Concurrent Workers: 2
 Concurrent Refinement Workers: 6
 Periodic GC: Disabled

Heap:
 garbage-first heap   total 86016K, used 24719K [0x00000000c0000000, 0x0000000100000000)
  region size 1024K, 1 young (1024K), 0 survivors (0K)
 Metaspace       used 39249K, committed 39808K, reserved 1114112K
  class space    used 5201K, committed 5440K, reserved 1048576K

Heap Regions: E=young(eden), S=young(survivor), O=old, HS=humongous(starts), HC=humongous(continues), CS=collection set, F=free, OA=open archive, CA=closed archive, TAMS=top-at-mark-start (previous, next)
|   0|0x00000000c0000000, 0x00000000c0100000, 0x00000000c0100000|100%|HS|  |TAMS 0x00000000c0100000, 0x00000000c0000000| Untracked 
|   1|0x00000000c0100000, 0x00000000c0200000, 0x00000000c0200000|100%|HC|  |TAMS 0x00000000c0200000, 0x00000000c0100000| Untracked 
|   2|0x00000000c0200000, 0x00000000c0300000, 0x00000000c0300000|100%|HC|  |TAMS 0x00000000c0300000, 0x00000000c0200000| Untracked 
|   3|0x00000000c0300000, 0x00000000c0400000, 0x00000000c0400000|100%|HC|  |TAMS 0x00000000c0400000, 0x00000000c0300000| Untracked 
|   4|0x00000000c0400000, 0x00000000c0500000, 0x00000000c0500000|100%|HS|  |TAMS 0x00000000c0500000, 0x00000000c0400000| Untracked 
|   5|0x00000000c0500000, 0x00000000c0600000, 0x00000000c0600000|100%|HC|  |TAMS 0x00000000c0600000, 0x00000000c0500000| Untracked 
|   6|0x00000000c0600000, 0x00000000c06fffe8, 0x00000000c0700000| 99%| O|  |TAMS 0x00000000c06fffe8, 0x00000000c0600000| Untracked 
|   7|0x00000000c0700000, 0x00000000c0800000, 0x00000000c0800000|100%| O|  |TAMS 0x00000000c0800000, 0x00000000c0700000| Untracked 
|   8|0x00000000c0800000, 0x00000000c08ffff0, 0x00000000c0900000| 99%| O|  |TAMS 0x00000000c08ffff0, 0x00000000c0800000| Untracked 
|   9|0x00000000c0900000, 0x00000000c0a00000, 0x00000000c0a00000|100%| O|  |TAMS 0x00000000c0a00000, 0x00000000c0900000| Untracked 
|  10|0x00000000c0a00000, 0x00000000c0b00000, 0x00000000c0b00000|100%| O|  |TAMS 0x00000000c0b00000, 0x00000000c0a00000| Untracked 
|  11|0x00000000c0b00000, 0x00000000c0bffff0, 0x00000000c0c00000| 99%| O|  |TAMS 0x00000000c0bffff0, 0x00000000c0b00000| Untracked 
|  12|0x00000000c0c00000, 0x00000000c0cffef0, 0x00000000c0d00000| 99%| O|  |TAMS 0x00000000c0cffef0, 0x00000000c0c00000| Untracked 
|  13|0x00000000c0d00000, 0x00000000c0e00000, 0x00000000c0e00000|100%| O|  |TAMS 0x00000000c0e00000, 0x00000000c0d00000| Untracked 
|  14|0x00000000c0e00000, 0x00000000c0f00000, 0x00000000c0f00000|100%| O|  |TAMS 0x00000000c0f00000, 0x00000000c0e00000| Untracked 
|  15|0x00000000c0f00000, 0x00000000c0fffff8, 0x00000000c1000000| 99%| O|  |TAMS 0x00000000c0fffff8, 0x00000000c0f00000| Untracked 
|  16|0x00000000c1000000, 0x00000000c10fffe0, 0x00000000c1100000| 99%| O|  |TAMS 0x00000000c10fffe0, 0x00000000c1000000| Untracked 
|  17|0x00000000c1100000, 0x00000000c11ffff0, 0x00000000c1200000| 99%| O|  |TAMS 0x00000000c11ffff0, 0x00000000c1100000| Untracked 
|  18|0x00000000c1200000, 0x00000000c12fe918, 0x00000000c1300000| 99%| O|  |TAMS 0x00000000c12fe918, 0x00000000c1200000| Untracked 
|  19|0x00000000c1300000, 0x00000000c13ff090, 0x00000000c1400000| 99%| O|  |TAMS 0x00000000c13ff090, 0x00000000c1300000| Untracked 
|  20|0x00000000c1400000, 0x00000000c14fffe8, 0x00000000c1500000| 99%| O|  |TAMS 0x00000000c14fffe8, 0x00000000c1400000| Untracked 
|  21|0x00000000c1500000, 0x00000000c15fffd0, 0x00000000c1600000| 99%| O|  |TAMS 0x00000000c15fffd0, 0x00000000c1500000| Untracked 
|  22|0x00000000c1600000, 0x00000000c16fff90, 0x00000000c1700000| 99%| O|  |TAMS 0x00000000c16fff90, 0x00000000c1600000| Untracked 
|  23|0x00000000c1700000, 0x00000000c1800000, 0x00000000c1800000|100%| O|  |TAMS 0x00000000c1800000, 0x00000000c1700000| Untracked 
|  24|0x00000000c1800000, 0x00000000c18265f8, 0x00000000c1900000| 14%| O|  |TAMS 0x00000000c1800000, 0x00000000c1800000| Untracked 
|  25|0x00000000c1900000, 0x00000000c1900110, 0x00000000c1a00000|  0%| O|  |TAMS 0x00000000c1900000, 0x00000000c1900000| Untracked 
|  26|0x00000000c1a00000, 0x00000000c1a00000, 0x00000000c1b00000|  0%| F|  |TAMS 0x00000000c1a00000, 0x00000000c1a00000| Untracked 
|  27|0x00000000c1b00000, 0x00000000c1b00000, 0x00000000c1c00000|  0%| F|  |TAMS 0x00000000c1b00000, 0x00000000c1b00000| Untracked 
|  28|0x00000000c1c00000, 0x00000000c1c00000, 0x00000000c1d00000|  0%| F|  |TAMS 0x00000000c1c00000, 0x00000000c1c00000| Untracked 
|  29|0x00000000c1d00000, 0x00000000c1d00000, 0x00000000c1e00000|  0%| F|  |TAMS 0x00000000c1d00000, 0x00000000c1d00000| Untracked 
|  30|0x00000000c1e00000, 0x00000000c1e00000, 0x00000000c1f00000|  0%| F|  |TAMS 0x00000000c1e00000, 0x00000000c1e00000| Untracked 
|  31|0x00000000c1f00000, 0x00000000c1f00000, 0x00000000c2000000|  0%| F|  |TAMS 0x00000000c1f00000, 0x00000000c1f00000| Untracked 
|  32|0x00000000c2000000, 0x00000000c2000000, 0x00000000c2100000|  0%| F|  |TAMS 0x00000000c2000000, 0x00000000c2000000| Untracked 
|  33|0x00000000c2100000, 0x00000000c2100000, 0x00000000c2200000|  0%| F|  |TAMS 0x00000000c2100000, 0x00000000c2100000| Untracked 
|  34|0x00000000c2200000, 0x00000000c2200000, 0x00000000c2300000|  0%| F|  |TAMS 0x00000000c2200000, 0x00000000c2200000| Untracked 
|  35|0x00000000c2300000, 0x00000000c2300000, 0x00000000c2400000|  0%| F|  |TAMS 0x00000000c2300000, 0x00000000c2300000| Untracked 
|  36|0x00000000c2400000, 0x00000000c2400000, 0x00000000c2500000|  0%| F|  |TAMS 0x00000000c2400000, 0x00000000c2400000| Untracked 
|  37|0x00000000c2500000, 0x00000000c2500000, 0x00000000c2600000|  0%| F|  |TAMS 0x00000000c2500000, 0x00000000c2500000| Untracked 
|  38|0x00000000c2600000, 0x00000000c2600000, 0x00000000c2700000|  0%| F|  |TAMS 0x00000000c2600000, 0x00000000c2600000| Untracked 
|  39|0x00000000c2700000, 0x00000000c2700000, 0x00000000c2800000|  0%| F|  |TAMS 0x00000000c2700000, 0x00000000c2700000| Untracked 
|  40|0x00000000c2800000, 0x00000000c2800000, 0x00000000c2900000|  0%| F|  |TAMS 0x00000000c2800000, 0x00000000c2800000| Untracked 
|  41|0x00000000c2900000, 0x00000000c2900000, 0x00000000c2a00000|  0%| F|  |TAMS 0x00000000c2900000, 0x00000000c2900000| Untracked 
|  42|0x00000000c2a00000, 0x00000000c2a00000, 0x00000000c2b00000|  0%| F|  |TAMS 0x00000000c2a00000, 0x00000000c2a00000| Untracked 
|  43|0x00000000c2b00000, 0x00000000c2b00000, 0x00000000c2c00000|  0%| F|  |TAMS 0x00000000c2b00000, 0x00000000c2b00000| Untracked 
|  44|0x00000000c2c00000, 0x00000000c2c00000, 0x00000000c2d00000|  0%| F|  |TAMS 0x00000000c2c00000, 0x00000000c2c00000| Untracked 
|  45|0x00000000c2d00000, 0x00000000c2d00000, 0x00000000c2e00000|  0%| F|  |TAMS 0x00000000c2d00000, 0x00000000c2d00000| Untracked 
|  46|0x00000000c2e00000, 0x00000000c2e00000, 0x00000000c2f00000|  0%| F|  |TAMS 0x00000000c2e00000, 0x00000000c2e00000| Untracked 
|  47|0x00000000c2f00000, 0x00000000c2f00000, 0x00000000c3000000|  0%| F|  |TAMS 0x00000000c2f00000, 0x00000000c2f00000| Untracked 
|  48|0x00000000c3000000, 0x00000000c3000000, 0x00000000c3100000|  0%| F|  |TAMS 0x00000000c3000000, 0x00000000c3000000| Untracked 
|  49|0x00000000c3100000, 0x00000000c3100000, 0x00000000c3200000|  0%| F|  |TAMS 0x00000000c3100000, 0x00000000c3100000| Untracked 
|  50|0x00000000c3200000, 0x00000000c3200000, 0x00000000c3300000|  0%| F|  |TAMS 0x00000000c3200000, 0x00000000c3200000| Untracked 
|  51|0x00000000c3300000, 0x00000000c3300000, 0x00000000c3400000|  0%| F|  |TAMS 0x00000000c3300000, 0x00000000c3300000| Untracked 
|  52|0x00000000c3400000, 0x00000000c3400000, 0x00000000c3500000|  0%| F|  |TAMS 0x00000000c3400000, 0x00000000c3400000| Untracked 
|  53|0x00000000c3500000, 0x00000000c3500000, 0x00000000c3600000|  0%| F|  |TAMS 0x00000000c3500000, 0x00000000c3500000| Untracked 
|  54|0x00000000c3600000, 0x00000000c3600000, 0x00000000c3700000|  0%| F|  |TAMS 0x00000000c3600000, 0x00000000c3600000| Untracked 
|  55|0x00000000c3700000, 0x00000000c3700000, 0x00000000c3800000|  0%| F|  |TAMS 0x00000000c3700000, 0x00000000c3700000| Untracked 
|  56|0x00000000c3800000, 0x00000000c3800000, 0x00000000c3900000|  0%| F|  |TAMS 0x00000000c3800000, 0x00000000c3800000| Untracked 
|  57|0x00000000c3900000, 0x00000000c3900000, 0x00000000c3a00000|  0%| F|  |TAMS 0x00000000c3900000, 0x00000000c3900000| Untracked 
|  58|0x00000000c3a00000, 0x00000000c3a00000, 0x00000000c3b00000|  0%| F|  |TAMS 0x00000000c3a00000, 0x00000000c3a00000| Untracked 
|  59|0x00000000c3b00000, 0x00000000c3b00000, 0x00000000c3c00000|  0%| F|  |TAMS 0x00000000c3b00000, 0x00000000c3b00000| Untracked 
|  60|0x00000000c3c00000, 0x00000000c3c00000, 0x00000000c3d00000|  0%| F|  |TAMS 0x00000000c3c00000, 0x00000000c3c00000| Untracked 
|  61|0x00000000c3d00000, 0x00000000c3d00000, 0x00000000c3e00000|  0%| F|  |TAMS 0x00000000c3d00000, 0x00000000c3d00000| Untracked 
|  62|0x00000000c3e00000, 0x00000000c3e00000, 0x00000000c3f00000|  0%| F|  |TAMS 0x00000000c3e00000, 0x00000000c3e00000| Untracked 
|  63|0x00000000c3f00000, 0x00000000c3f00000, 0x00000000c4000000|  0%| F|  |TAMS 0x00000000c3f00000, 0x00000000c3f00000| Untracked 
|  64|0x00000000c4000000, 0x00000000c4000000, 0x00000000c4100000|  0%| F|  |TAMS 0x00000000c4000000, 0x00000000c4000000| Untracked 
|  65|0x00000000c4100000, 0x00000000c4100000, 0x00000000c4200000|  0%| F|  |TAMS 0x00000000c4100000, 0x00000000c4100000| Untracked 
|  66|0x00000000c4200000, 0x00000000c4200000, 0x00000000c4300000|  0%| F|  |TAMS 0x00000000c4200000, 0x00000000c4200000| Untracked 
|  67|0x00000000c4300000, 0x00000000c4300000, 0x00000000c4400000|  0%| F|  |TAMS 0x00000000c4300000, 0x00000000c4300000| Untracked 
|  68|0x00000000c4400000, 0x00000000c4400000, 0x00000000c4500000|  0%| F|  |TAMS 0x00000000c4400000, 0x00000000c4400000| Untracked 
|  69|0x00000000c4500000, 0x00000000c4500000, 0x00000000c4600000|  0%| F|  |TAMS 0x00000000c4500000, 0x00000000c4500000| Untracked 
|  70|0x00000000c4600000, 0x00000000c4600000, 0x00000000c4700000|  0%| F|  |TAMS 0x00000000c4600000, 0x00000000c4600000| Untracked 
|  71|0x00000000c4700000, 0x00000000c4700000, 0x00000000c4800000|  0%| F|  |TAMS 0x00000000c4700000, 0x00000000c4700000| Untracked 
|  72|0x00000000c4800000, 0x00000000c4800000, 0x00000000c4900000|  0%| F|  |TAMS 0x00000000c4800000, 0x00000000c4800000| Untracked 
|  73|0x00000000c4900000, 0x00000000c4900000, 0x00000000c4a00000|  0%| F|  |TAMS 0x00000000c4900000, 0x00000000c4900000| Untracked 
|  74|0x00000000c4a00000, 0x00000000c4a00000, 0x00000000c4b00000|  0%| F|  |TAMS 0x00000000c4a00000, 0x00000000c4a00000| Untracked 
|  75|0x00000000c4b00000, 0x00000000c4b00000, 0x00000000c4c00000|  0%| F|  |TAMS 0x00000000c4b00000, 0x00000000c4b00000| Untracked 
|  76|0x00000000c4c00000, 0x00000000c4c00000, 0x00000000c4d00000|  0%| F|  |TAMS 0x00000000c4c00000, 0x00000000c4c00000| Untracked 
|  77|0x00000000c4d00000, 0x00000000c4d00000, 0x00000000c4e00000|  0%| F|  |TAMS 0x00000000c4d00000, 0x00000000c4d00000| Untracked 
|  78|0x00000000c4e00000, 0x00000000c4e00000, 0x00000000c4f00000|  0%| F|  |TAMS 0x00000000c4e00000, 0x00000000c4e00000| Untracked 
|  79|0x00000000c4f00000, 0x00000000c4f00000, 0x00000000c5000000|  0%| F|  |TAMS 0x00000000c4f00000, 0x00000000c4f00000| Untracked 
|  80|0x00000000c5000000, 0x00000000c5000000, 0x00000000c5100000|  0%| F|  |TAMS 0x00000000c5000000, 0x00000000c5000000| Untracked 
|  81|0x00000000c5100000, 0x00000000c5100000, 0x00000000c5200000|  0%| F|  |TAMS 0x00000000c5100000, 0x00000000c5100000| Untracked 
|  82|0x00000000c5200000, 0x00000000c5200000, 0x00000000c5300000|  0%| F|  |TAMS 0x00000000c5200000, 0x00000000c5200000| Untracked 
|  83|0x00000000c5300000, 0x00000000c5328fb8, 0x00000000c5400000| 16%| E|  |TAMS 0x00000000c5300000, 0x00000000c5300000| Complete 

Card table byte_map: [0x000001f1747e0000,0x000001f1749e0000] _byte_map_base: 0x000001f1741e0000

Marking Bits (Prev, Next): (CMBitMap*) 0x000001f16e9a6850, (CMBitMap*) 0x000001f16e9a6810
 Prev Bits: [0x000001f175be0000, 0x000001f176be0000)
 Next Bits: [0x000001f174be0000, 0x000001f175be0000)

Polling page: 0x000001f16c8a0000

Metaspace:

Usage:
  Non-class:     33.25 MB used.
      Class:      5.08 MB used.
       Both:     38.33 MB used.

Virtual space:
  Non-class space:       64.00 MB reserved,      33.56 MB ( 52%) committed,  1 nodes.
      Class space:        1.00 GB reserved,       5.31 MB ( <1%) committed,  1 nodes.
             Both:        1.06 GB reserved,      38.88 MB (  4%) committed. 

Chunk freelists:
   Non-Class:  14.10 MB
       Class:  10.72 MB
        Both:  24.83 MB

MaxMetaspaceSize: unlimited
CompressedClassSpaceSize: 1.00 GB
Initial GC threshold: 21.00 MB
Current GC threshold: 64.81 MB
CDS: off
MetaspaceReclaimPolicy: balanced
 - commit_granule_bytes: 65536.
 - commit_granule_words: 8192.
 - virtual_space_node_default_size: 8388608.
 - enlarge_chunks_in_place: 1.
 - new_chunks_are_fully_committed: 0.
 - uncommit_free_chunks: 1.
 - use_allocation_guard: 0.
 - handle_deallocations: 1.


Internal statistics:

num_allocs_failed_limit: 14.
num_arena_births: 546.
num_arena_deaths: 158.
num_vsnodes_births: 2.
num_vsnodes_deaths: 0.
num_space_committed: 622.
num_space_uncommitted: 0.
num_chunks_returned_to_freelist: 189.
num_chunks_taken_from_freelist: 1732.
num_chunk_merges: 65.
num_chunk_splits: 1186.
num_chunks_enlarged: 885.
num_inconsistent_stats: 0.

CodeCache: size=49152Kb used=7814Kb max_used=8698Kb free=41337Kb
 bounds [0x000001f1715e0000, 0x000001f171ef0000, 0x000001f1745e0000]
 total_blobs=4823 nmethods=4276 adapters=474
 compilation: enabled
              stopped_count=0, restarted_count=0
 full_count=0

Compilation events (20 events):
Event: 1421.047 Thread 0x000001f1793f48f0 4271   !   1       jdk.internal.reflect.GeneratedConstructorAccessor15::newInstance (49 bytes)
Event: 1421.049 Thread 0x000001f1793f48f0 nmethod 4271 0x000001f171eafa10 code [0x000001f171eafbc0, 0x000001f171eafe28]
Event: 1426.807 Thread 0x000001f1793f48f0 4272   !   1       com.google.gson.internal.bind.ReflectiveTypeAdapterFactory$1::write (184 bytes)
Event: 1426.842 Thread 0x000001f1793f48f0 nmethod 4272 0x000001f171eae790 code [0x000001f171eaea60, 0x000001f171eaf468]
Event: 1426.853 Thread 0x000001f1793f48f0 4273       1       ch.qos.logback.classic.Logger::filterAndLog_1 (68 bytes)
Event: 1426.860 Thread 0x000001f1793f48f0 nmethod 4273 0x000001f171eadf10 code [0x000001f171eae100, 0x000001f171eae578]
Event: 1426.860 Thread 0x000001f1793f48f0 4274       1       ch.qos.logback.classic.LoggerContext::getTurboFilterChainDecision_1 (38 bytes)
Event: 1426.865 Thread 0x000001f1793f48f0 nmethod 4274 0x000001f171ead910 code [0x000001f171eadac0, 0x000001f171eadd88]
Event: 1427.161 Thread 0x000001f1793f48f0 4275       1       org.eclipse.lsp4j.util.Preconditions::checkNotNull (39 bytes)
Event: 1427.166 Thread 0x000001f1793f48f0 nmethod 4275 0x000001f171ead390 code [0x000001f171ead560, 0x000001f171ead788]
Event: 1427.183 Thread 0x000001f1793f48f0 4276       1       java.net.URI::toASCIIString (8 bytes)
Event: 1427.184 Thread 0x000001f1793f48f0 nmethod 4276 0x000001f171ead010 code [0x000001f171ead1c0, 0x000001f171ead2d8]
Event: 1428.922 Thread 0x000001f1793f48f0 4277       1       jdk.internal.icu.text.NormalizerBase::toMode (83 bytes)
Event: 1428.927 Thread 0x000001f1793f48f0 nmethod 4277 0x000001f171eac710 code [0x000001f171eac920, 0x000001f171eacdb8]
Event: 1428.927 Thread 0x000001f1793f48f0 4278       1       jdk.internal.icu.text.Normalizer2::normalize (96 bytes)
Event: 1428.931 Thread 0x000001f1793f48f0 nmethod 4278 0x000001f171eaba10 code [0x000001f171eabca0, 0x000001f171eac3e8]
Event: 1592.110 Thread 0x000001f1793f48f0 4279   !   1       java.lang.ProcessBuilder::start (430 bytes)
Event: 1592.158 Thread 0x000001f1793f48f0 nmethod 4279 0x000001f171ea9c90 code [0x000001f171eaa020, 0x000001f171eab028]
Event: 1613.513 Thread 0x000001f1793f48f0 4280       1       java.util.StringTokenizer::countTokens (46 bytes)
Event: 1613.519 Thread 0x000001f1793f48f0 nmethod 4280 0x000001f171ea9890 code [0x000001f171ea9a40, 0x000001f171ea9b98]

GC Heap History (20 events):
Event: 1518.637 GC heap before
{Heap before GC invocations=102 (full 95):
 garbage-first heap   total 86016K, used 24721K [0x00000000c0000000, 0x0000000100000000)
  region size 1024K, 1 young (1024K), 0 survivors (0K)
 Metaspace       used 39249K, committed 39808K, reserved 1114112K
  class space    used 5201K, committed 5440K, reserved 1048576K
}
Event: 1518.660 GC heap after
{Heap after GC invocations=103 (full 96):
 garbage-first heap   total 86016K, used 24721K [0x00000000c0000000, 0x0000000100000000)
  region size 1024K, 0 young (0K), 0 survivors (0K)
 Metaspace       used 39249K, committed 39808K, reserved 1114112K
  class space    used 5201K, committed 5440K, reserved 1048576K
}
Event: 1529.802 GC heap before
{Heap before GC invocations=103 (full 96):
 garbage-first heap   total 86016K, used 24721K [0x00000000c0000000, 0x0000000100000000)
  region size 1024K, 1 young (1024K), 0 survivors (0K)
 Metaspace       used 39249K, committed 39808K, reserved 1114112K
  class space    used 5201K, committed 5440K, reserved 1048576K
}
Event: 1529.830 GC heap after
{Heap after GC invocations=104 (full 97):
 garbage-first heap   total 86016K, used 24721K [0x00000000c0000000, 0x0000000100000000)
  region size 1024K, 0 young (0K), 0 survivors (0K)
 Metaspace       used 39249K, committed 39808K, reserved 1114112K
  class space    used 5201K, committed 5440K, reserved 1048576K
}
Event: 1540.092 GC heap before
{Heap before GC invocations=104 (full 97):
 garbage-first heap   total 86016K, used 24721K [0x00000000c0000000, 0x0000000100000000)
  region size 1024K, 1 young (1024K), 0 survivors (0K)
 Metaspace       used 39249K, committed 39808K, reserved 1114112K
  class space    used 5201K, committed 5440K, reserved 1048576K
}
Event: 1540.121 GC heap after
{Heap after GC invocations=105 (full 98):
 garbage-first heap   total 86016K, used 24721K [0x00000000c0000000, 0x0000000100000000)
  region size 1024K, 0 young (0K), 0 survivors (0K)
 Metaspace       used 39249K, committed 39808K, reserved 1114112K
  class space    used 5201K, committed 5440K, reserved 1048576K
}
Event: 1551.262 GC heap before
{Heap before GC invocations=105 (full 98):
 garbage-first heap   total 86016K, used 24721K [0x00000000c0000000, 0x0000000100000000)
  region size 1024K, 1 young (1024K), 0 survivors (0K)
 Metaspace       used 39249K, committed 39808K, reserved 1114112K
  class space    used 5201K, committed 5440K, reserved 1048576K
}
Event: 1551.282 GC heap after
{Heap after GC invocations=106 (full 99):
 garbage-first heap   total 86016K, used 24721K [0x00000000c0000000, 0x0000000100000000)
  region size 1024K, 0 young (0K), 0 survivors (0K)
 Metaspace       used 39249K, committed 39808K, reserved 1114112K
  class space    used 5201K, committed 5440K, reserved 1048576K
}
Event: 1561.506 GC heap before
{Heap before GC invocations=106 (full 99):
 garbage-first heap   total 86016K, used 24721K [0x00000000c0000000, 0x0000000100000000)
  region size 1024K, 1 young (1024K), 0 survivors (0K)
 Metaspace       used 39249K, committed 39808K, reserved 1114112K
  class space    used 5201K, committed 5440K, reserved 1048576K
}
Event: 1561.533 GC heap after
{Heap after GC invocations=107 (full 100):
 garbage-first heap   total 86016K, used 24719K [0x00000000c0000000, 0x0000000100000000)
  region size 1024K, 0 young (0K), 0 survivors (0K)
 Metaspace       used 39249K, committed 39808K, reserved 1114112K
  class space    used 5201K, committed 5440K, reserved 1048576K
}
Event: 1571.774 GC heap before
{Heap before GC invocations=107 (full 100):
 garbage-first heap   total 86016K, used 24719K [0x00000000c0000000, 0x0000000100000000)
  region size 1024K, 1 young (1024K), 0 survivors (0K)
 Metaspace       used 39249K, committed 39808K, reserved 1114112K
  class space    used 5201K, committed 5440K, reserved 1048576K
}
Event: 1571.795 GC heap after
{Heap after GC invocations=108 (full 101):
 garbage-first heap   total 86016K, used 24719K [0x00000000c0000000, 0x0000000100000000)
  region size 1024K, 0 young (0K), 0 survivors (0K)
 Metaspace       used 39249K, committed 39808K, reserved 1114112K
  class space    used 5201K, committed 5440K, reserved 1048576K
}
Event: 1582.057 GC heap before
{Heap before GC invocations=108 (full 101):
 garbage-first heap   total 86016K, used 24719K [0x00000000c0000000, 0x0000000100000000)
  region size 1024K, 1 young (1024K), 0 survivors (0K)
 Metaspace       used 39249K, committed 39808K, reserved 1114112K
  class space    used 5201K, committed 5440K, reserved 1048576K
}
Event: 1582.096 GC heap after
{Heap after GC invocations=109 (full 102):
 garbage-first heap   total 86016K, used 24719K [0x00000000c0000000, 0x0000000100000000)
  region size 1024K, 0 young (0K), 0 survivors (0K)
 Metaspace       used 39249K, committed 39808K, reserved 1114112K
  class space    used 5201K, committed 5440K, reserved 1048576K
}
Event: 1592.310 GC heap before
{Heap before GC invocations=109 (full 102):
 garbage-first heap   total 86016K, used 24719K [0x00000000c0000000, 0x0000000100000000)
  region size 1024K, 1 young (1024K), 0 survivors (0K)
 Metaspace       used 39249K, committed 39808K, reserved 1114112K
  class space    used 5201K, committed 5440K, reserved 1048576K
}
Event: 1592.339 GC heap after
{Heap after GC invocations=110 (full 103):
 garbage-first heap   total 86016K, used 24719K [0x00000000c0000000, 0x0000000100000000)
  region size 1024K, 0 young (0K), 0 survivors (0K)
 Metaspace       used 39249K, committed 39808K, reserved 1114112K
  class space    used 5201K, committed 5440K, reserved 1048576K
}
Event: 1603.474 GC heap before
{Heap before GC invocations=110 (full 103):
 garbage-first heap   total 86016K, used 24719K [0x00000000c0000000, 0x0000000100000000)
  region size 1024K, 1 young (1024K), 0 survivors (0K)
 Metaspace       used 39249K, committed 39808K, reserved 1114112K
  class space    used 5201K, committed 5440K, reserved 1048576K
}
Event: 1603.502 GC heap after
{Heap after GC invocations=111 (full 104):
 garbage-first heap   total 86016K, used 24719K [0x00000000c0000000, 0x0000000100000000)
  region size 1024K, 0 young (0K), 0 survivors (0K)
 Metaspace       used 39249K, committed 39808K, reserved 1114112K
  class space    used 5201K, committed 5440K, reserved 1048576K
}
Event: 1613.844 GC heap before
{Heap before GC invocations=111 (full 104):
 garbage-first heap   total 86016K, used 24719K [0x00000000c0000000, 0x0000000100000000)
  region size 1024K, 1 young (1024K), 0 survivors (0K)
 Metaspace       used 39249K, committed 39808K, reserved 1114112K
  class space    used 5201K, committed 5440K, reserved 1048576K
}
Event: 1613.865 GC heap after
{Heap after GC invocations=112 (full 105):
 garbage-first heap   total 86016K, used 24719K [0x00000000c0000000, 0x0000000100000000)
  region size 1024K, 0 young (0K), 0 survivors (0K)
 Metaspace       used 39249K, committed 39808K, reserved 1114112K
  class space    used 5201K, committed 5440K, reserved 1048576K
}

Dll operation events (8 events):
Event: 0.019 Loaded shared library c:\Users\so-u\.vscode\extensions\redhat.java-1.30.0-win32-x64\jre\17.0.10-win32-x86_64\bin\java.dll
Event: 1.095 Loaded shared library C:\Users\so-u\.vscode\extensions\redhat.java-1.30.0-win32-x64\jre\17.0.10-win32-x86_64\bin\net.dll
Event: 1.099 Loaded shared library C:\Users\so-u\.vscode\extensions\redhat.java-1.30.0-win32-x64\jre\17.0.10-win32-x86_64\bin\nio.dll
Event: 1.456 Loaded shared library C:\Users\so-u\.vscode\extensions\redhat.java-1.30.0-win32-x64\jre\17.0.10-win32-x86_64\bin\zip.dll
Event: 11.431 Loaded shared library C:\Users\so-u\.vscode\extensions\redhat.java-1.30.0-win32-x64\jre\17.0.10-win32-x86_64\bin\jimage.dll
Event: 14.427 Loaded shared library c:\Users\so-u\.vscode\extensions\redhat.java-1.30.0-win32-x64\jre\17.0.10-win32-x86_64\bin\verify.dll
Event: 23.182 Loaded shared library C:\Users\so-u\.vscode\extensions\redhat.java-1.30.0-win32-x64\jre\17.0.10-win32-x86_64\bin\management.dll
Event: 23.192 Loaded shared library C:\Users\so-u\.vscode\extensions\redhat.java-1.30.0-win32-x64\jre\17.0.10-win32-x86_64\bin\management_ext.dll

Deoptimization events (6 events):
Event: 24.435 Thread 0x000001f179e69030 DEOPT PACKING pc=0x000001f171b31d81 sp=0x00000011754fda40
Event: 24.435 Thread 0x000001f179e69030 DEOPT UNPACKING pc=0x000001f171637143 sp=0x00000011754fced0 mode 3
Event: 24.531 Thread 0x000001f17ec6d320 DEOPT PACKING pc=0x000001f171b02917 sp=0x00000011755ff280
Event: 24.531 Thread 0x000001f17ec6d320 DEOPT UNPACKING pc=0x000001f171637143 sp=0x00000011755fe6d8 mode 3
Event: 1139.954 Thread 0x000001f179e69030 DEOPT PACKING pc=0x000001f171bf0ad4 sp=0x00000011754fed10
Event: 1139.955 Thread 0x000001f179e69030 DEOPT UNPACKING pc=0x000001f171637143 sp=0x00000011754fe198 mode 0

Classes unloaded (20 events):
Event: 215.651 Thread 0x000001f1792dd6b0 Unloading class 0x0000000100094800 'java/lang/invoke/LambdaForm$MH+0x0000000100094800'
Event: 215.651 Thread 0x000001f1792dd6b0 Unloading class 0x0000000100094400 'java/lang/invoke/LambdaForm$MH+0x0000000100094400'
Event: 215.651 Thread 0x000001f1792dd6b0 Unloading class 0x000000010008e800 'java/lang/invoke/LambdaForm$MH+0x000000010008e800'
Event: 215.651 Thread 0x000001f1792dd6b0 Unloading class 0x000000010008e400 'java/lang/invoke/LambdaForm$MH+0x000000010008e400'
Event: 215.651 Thread 0x000001f1792dd6b0 Unloading class 0x000000010008e000 'java/lang/invoke/LambdaForm$MH+0x000000010008e000'
Event: 215.651 Thread 0x000001f1792dd6b0 Unloading class 0x000000010008dc00 'java/lang/invoke/LambdaForm$MH+0x000000010008dc00'
Event: 215.651 Thread 0x000001f1792dd6b0 Unloading class 0x000000010008d800 'java/lang/invoke/LambdaForm$MH+0x000000010008d800'
Event: 215.651 Thread 0x000001f1792dd6b0 Unloading class 0x000000010008d400 'java/lang/invoke/LambdaForm$MH+0x000000010008d400'
Event: 215.652 Thread 0x000001f1792dd6b0 Unloading class 0x000000010008cc00 'java/lang/invoke/LambdaForm$MH+0x000000010008cc00'
Event: 215.652 Thread 0x000001f1792dd6b0 Unloading class 0x000000010008c800 'java/lang/invoke/LambdaForm$MH+0x000000010008c800'
Event: 215.652 Thread 0x000001f1792dd6b0 Unloading class 0x000000010008c000 'java/lang/invoke/LambdaForm$MH+0x000000010008c000'
Event: 215.652 Thread 0x000001f1792dd6b0 Unloading class 0x000000010008bc00 'java/lang/invoke/LambdaForm$MH+0x000000010008bc00'
Event: 215.652 Thread 0x000001f1792dd6b0 Unloading class 0x000000010008ac00 'java/lang/invoke/LambdaForm$MH+0x000000010008ac00'
Event: 215.652 Thread 0x000001f1792dd6b0 Unloading class 0x000000010008a400 'java/lang/invoke/LambdaForm$MH+0x000000010008a400'
Event: 215.652 Thread 0x000001f1792dd6b0 Unloading class 0x000000010008a000 'java/lang/invoke/LambdaForm$MH+0x000000010008a000'
Event: 215.652 Thread 0x000001f1792dd6b0 Unloading class 0x0000000100089c00 'java/lang/invoke/LambdaForm$MH+0x0000000100089c00'
Event: 215.652 Thread 0x000001f1792dd6b0 Unloading class 0x0000000100089800 'java/lang/invoke/LambdaForm$MH+0x0000000100089800'
Event: 215.652 Thread 0x000001f1792dd6b0 Unloading class 0x0000000100089400 'java/lang/invoke/LambdaForm$MH+0x0000000100089400'
Event: 215.652 Thread 0x000001f1792dd6b0 Unloading class 0x0000000100088c00 'java/lang/invoke/LambdaForm$MH+0x0000000100088c00'
Event: 215.652 Thread 0x000001f1792dd6b0 Unloading class 0x0000000100088400 'java/lang/invoke/LambdaForm$MH+0x0000000100088400'

Classes redefined (0 events):
No events

Internal exceptions (20 events):
Event: 17.601 Thread 0x000001f16e9684f0 Exception <a 'java/lang/NoSuchMethodError'{0x00000000c754cdc0}: 'int java.lang.invoke.Invokers$Holder.linkToTargetMethod(java.lang.Object, java.lang.Object, java.lang.Object)'> (0x00000000c754cdc0) 
thrown [s\src\hotspot\share\interpreter\linkResolver.cpp, line 759]
Event: 17.735 Thread 0x000001f16e9684f0 Exception <a 'java/lang/NoSuchMethodError'{0x00000000c51291a8}: 'java.lang.Object java.lang.invoke.DirectMethodHandle$Holder.invokeStaticInit(java.lang.Object, int, int, int, int)'> (0x00000000c51291a8) 
thrown [s\src\hotspot\share\interpreter\linkResolver.cpp, line 759]
Event: 17.862 Thread 0x000001f16e9684f0 Exception <a 'java/lang/NoSuchMethodError'{0x00000000c519fcf0}: 'java.lang.Object java.lang.invoke.DirectMethodHandle$Holder.invokeStaticInit(java.lang.Object, java.lang.Object, int, int, int, int)'> (0x00000000c519fcf0) 
thrown [s\src\hotspot\share\interpreter\linkResolver.cpp, line 759]
Event: 18.189 Thread 0x000001f16e9684f0 Exception <a 'java/lang/NoSuchMethodError'{0x00000000c49f6620}: 'void java.lang.invoke.DirectMethodHandle$Holder.invokeSpecialIFC(java.lang.Object, java.lang.Object, java.lang.Object)'> (0x00000000c49f6620) 
thrown [s\src\hotspot\share\interpreter\linkResolver.cpp, line 759]
Event: 19.752 Thread 0x000001f16e9684f0 Exception <a 'java/lang/NoSuchMethodError'{0x00000000c38e9aa8}: 'int java.lang.invoke.DirectMethodHandle$Holder.invokeStaticInit(java.lang.Object, java.lang.Object, int, java.lang.Object)'> (0x00000000c38e9aa8) 
thrown [s\src\hotspot\share\interpreter\linkResolver.cpp, line 759]
Event: 20.022 Thread 0x000001f16e9684f0 Exception <a 'java/lang/NoSuchMethodError'{0x00000000c37fa698}: 'void java.lang.invoke.DirectMethodHandle$Holder.invokeSpecial(java.lang.Object, java.lang.Object, java.lang.Object, java.lang.Object, java.lang.Object, java.lang.Object, java.lang.Object)'> (0x00000000c37fa698) 
thrown [s\src\hotspot\share\interpreter\linkResolver.cpp, line 759]
Event: 21.521 Thread 0x000001f16e9684f0 Exception <a 'java/lang/NoSuchMethodError'{0x00000000c71f0df0}: 'java.lang.Object java.lang.invoke.DirectMethodHandle$Holder.invokeInterface(java.lang.Object, java.lang.Object, int)'> (0x00000000c71f0df0) 
thrown [s\src\hotspot\share\interpreter\linkResolver.cpp, line 759]
Event: 21.526 Thread 0x000001f16e9684f0 Exception <a 'java/lang/IncompatibleClassChangeError'{0x00000000c70076a8}: Found class java.lang.Object, but interface was expected> (0x00000000c70076a8) 
thrown [s\src\hotspot\share\interpreter\linkResolver.cpp, line 826]
Event: 23.083 Thread 0x000001f16e9684f0 Exception <a 'java/lang/NoSuchMethodError'{0x00000000c4fa2b80}: 'java.lang.Object java.lang.invoke.DirectMethodHandle$Holder.newInvokeSpecial(java.lang.Object, java.lang.Object, int, java.lang.Object, java.lang.Object)'> (0x00000000c4fa2b80) 
thrown [s\src\hotspot\share\interpreter\linkResolver.cpp, line 759]
Event: 23.087 Thread 0x000001f16e9684f0 Exception <a 'java/lang/NoSuchMethodError'{0x00000000c4fb5e10}: 'java.lang.Object java.lang.invoke.DirectMethodHandle$Holder.invokeSpecial(java.lang.Object, java.lang.Object, int, java.lang.Object, int, java.lang.Object)'> (0x00000000c4fb5e10) 
thrown [s\src\hotspot\share\interpreter\linkResolver.cpp, line 759]
Event: 23.088 Thread 0x000001f16e9684f0 Exception <a 'java/lang/NoSuchMethodError'{0x00000000c4fbdc18}: 'java.lang.Object java.lang.invoke.DirectMethodHandle$Holder.newInvokeSpecial(java.lang.Object, java.lang.Object, int, java.lang.Object, int)'> (0x00000000c4fbdc18) 
thrown [s\src\hotspot\share\interpreter\linkResolver.cpp, line 759]
Event: 23.088 Thread 0x000001f16e9684f0 Exception <a 'java/lang/NoSuchMethodError'{0x00000000c4fc1d18}: 'java.lang.Object java.lang.invoke.DirectMethodHandle$Holder.invokeSpecial(java.lang.Object, java.lang.Object, java.lang.Object, int, java.lang.Object, int)'> (0x00000000c4fc1d18) 
thrown [s\src\hotspot\share\interpreter\linkResolver.cpp, line 759]
Event: 24.374 Thread 0x000001f179e69030 Exception <a 'java/lang/NoSuchMethodError'{0x00000000c4471138}: 'java.lang.Object java.lang.invoke.DirectMethodHandle$Holder.invokeStatic(java.lang.Object, java.lang.Object, java.lang.Object, int, java.lang.Object, java.lang.Object)'> (0x00000000c4471138) 
thrown [s\src\hotspot\share\interpreter\linkResolver.cpp, line 759]
Event: 24.381 Thread 0x000001f17ec6d320 Exception <a 'java/lang/NoSuchMethodError'{0x00000000c44a0b08}: 'java.lang.Object java.lang.invoke.DirectMethodHandle$Holder.invokeStatic(java.lang.Object, int, java.lang.Object)'> (0x00000000c44a0b08) 
thrown [s\src\hotspot\share\interpreter\linkResolver.cpp, line 759]
Event: 25.392 Thread 0x000001f17ece6df0 Exception <a 'java/lang/NoSuchMethodError'{0x00000000c3bbdc48}: 'int java.lang.invoke.DirectMethodHandle$Holder.invokeStatic(java.lang.Object)'> (0x00000000c3bbdc48) 
thrown [s\src\hotspot\share\interpreter\linkResolver.cpp, line 759]
Event: 25.393 Thread 0x000001f17ece6df0 Exception <a 'java/lang/NoSuchMethodError'{0x00000000c3bc1048}: 'int java.lang.invoke.DirectMethodHandle$Holder.invokeStaticInit(java.lang.Object)'> (0x00000000c3bc1048) 
thrown [s\src\hotspot\share\interpreter\linkResolver.cpp, line 759]
Event: 203.210 Thread 0x000001f17e529d30 Exception <a 'java/lang/NoSuchMethodError'{0x00000000c37cf348}: 'void java.lang.invoke.DirectMethodHandle$Holder.invokeStatic(java.lang.Object, long)'> (0x00000000c37cf348) 
thrown [s\src\hotspot\share\interpreter\linkResolver.cpp, line 759]
Event: 203.228 Thread 0x000001f17e529d30 Exception <a 'java/lang/NoSuchMethodError'{0x00000000c37d46f0}: 'java.lang.Object java.lang.invoke.DirectMethodHandle$Holder.newInvokeSpecial(java.lang.Object, long)'> (0x00000000c37d46f0) 
thrown [s\src\hotspot\share\interpreter\linkResolver.cpp, line 759]
Event: 1186.525 Thread 0x000001f17ec6d320 Exception <a 'sun/nio/fs/WindowsException'{0x00000000c50352a0}> (0x00000000c50352a0) 
thrown [s\src\hotspot\share\prims\jni.cpp, line 516]
Event: 1186.530 Thread 0x000001f17ec6d320 Exception <a 'sun/nio/fs/WindowsException'{0x00000000c5035958}> (0x00000000c5035958) 
thrown [s\src\hotspot\share\prims\jni.cpp, line 516]

VM Operations (20 events):
Event: 1518.660 Executing VM operation: G1CollectFull done
Event: 1529.802 Executing VM operation: G1CollectFull
Event: 1529.830 Executing VM operation: G1CollectFull done
Event: 1540.092 Executing VM operation: G1CollectFull
Event: 1540.121 Executing VM operation: G1CollectFull done
Event: 1551.262 Executing VM operation: G1CollectFull
Event: 1551.282 Executing VM operation: G1CollectFull done
Event: 1561.505 Executing VM operation: G1CollectFull
Event: 1561.533 Executing VM operation: G1CollectFull done
Event: 1571.774 Executing VM operation: G1CollectFull
Event: 1571.796 Executing VM operation: G1CollectFull done
Event: 1582.057 Executing VM operation: G1CollectFull
Event: 1582.096 Executing VM operation: G1CollectFull done
Event: 1592.310 Executing VM operation: G1CollectFull
Event: 1592.339 Executing VM operation: G1CollectFull done
Event: 1603.474 Executing VM operation: G1CollectFull
Event: 1603.502 Executing VM operation: G1CollectFull done
Event: 1613.844 Executing VM operation: G1CollectFull
Event: 1613.865 Executing VM operation: G1CollectFull done
Event: 1625.000 Executing VM operation: G1CollectFull

Events (20 events):
Event: 1287.002 Thread 0x000001f17ece4060 Thread exited: 0x000001f17ece4060
Event: 1293.035 Thread 0x000001f17ece7300 Thread added: 0x000001f17ece7300
Event: 1299.424 Thread 0x000001f17ecea5a0 Thread added: 0x000001f17ecea5a0
Event: 1304.763 Thread 0x000001f17ece7810 Thread added: 0x000001f17ece7810
Event: 1365.276 Thread 0x000001f17ece7810 Thread exited: 0x000001f17ece7810
Event: 1370.666 Thread 0x000001f17ecea5a0 Thread exited: 0x000001f17ecea5a0
Event: 1372.379 Thread 0x000001f17ece7300 Thread exited: 0x000001f17ece7300
Event: 1376.463 Thread 0x000001f17ece3b50 Thread added: 0x000001f17ece3b50
Event: 1382.725 Thread 0x000001f17eceb4d0 Thread added: 0x000001f17eceb4d0
Event: 1397.291 Thread 0x000001f17ece9b80 Thread added: 0x000001f17ece9b80
Event: 1400.490 Thread 0x000001f17ece7300 Thread added: 0x000001f17ece7300
Event: 1427.181 Thread 0x000001f17ecea090 Thread added: 0x000001f17ecea090
Event: 1427.185 Thread 0x000001f17ece8c50 Thread added: 0x000001f17ece8c50
Event: 1487.195 Thread 0x000001f17ece7300 Thread exited: 0x000001f17ece7300
Event: 1488.925 Thread 0x000001f17ece3b50 Thread exited: 0x000001f17ece3b50
Event: 1494.555 Thread 0x000001f17ecea090 Thread exited: 0x000001f17ecea090
Event: 1495.216 Thread 0x000001f17eceb4d0 Thread exited: 0x000001f17eceb4d0
Event: 1495.514 Thread 0x000001f17ece9b80 Thread exited: 0x000001f17ece9b80
Event: 1497.361 Thread 0x000001f17ece4570 Thread exited: 0x000001f17ece4570
Event: 1555.221 Thread 0x000001f17ece8c50 Thread exited: 0x000001f17ece8c50


Dynamic libraries:
0x00007ff6e93f0000 - 0x00007ff6e93fe000 	c:\Users\so-u\.vscode\extensions\redhat.java-1.30.0-win32-x64\jre\17.0.10-win32-x86_64\bin\java.exe
0x00007ffa5eab0000 - 0x00007ffa5ecc6000 	C:\WINDOWS\SYSTEM32\ntdll.dll
0x00007ffa5cf50000 - 0x00007ffa5d014000 	C:\WINDOWS\System32\KERNEL32.DLL
0x00007ffa5c380000 - 0x00007ffa5c727000 	C:\WINDOWS\System32\KERNELBASE.dll
0x00007ffa59130000 - 0x00007ffa591c7000 	C:\WINDOWS\SYSTEM32\apphelp.dll
0x00007ffa5bfe0000 - 0x00007ffa5c0f1000 	C:\WINDOWS\System32\ucrtbase.dll
0x00007ffa55dc0000 - 0x00007ffa55dd7000 	c:\Users\so-u\.vscode\extensions\redhat.java-1.30.0-win32-x64\jre\17.0.10-win32-x86_64\bin\jli.dll
0x00007ffa5c890000 - 0x00007ffa5ca3e000 	C:\WINDOWS\System32\USER32.dll
0x00007ffa5bdd0000 - 0x00007ffa5bdf6000 	C:\WINDOWS\System32\win32u.dll
0x00007ffa5d720000 - 0x00007ffa5d749000 	C:\WINDOWS\System32\GDI32.dll
0x00007ffa5c1c0000 - 0x00007ffa5c2d9000 	C:\WINDOWS\System32\gdi32full.dll
0x00007ffa5c2e0000 - 0x00007ffa5c37a000 	C:\WINDOWS\System32\msvcp_win.dll
0x00007ffa558d0000 - 0x00007ffa558eb000 	c:\Users\so-u\.vscode\extensions\redhat.java-1.30.0-win32-x64\jre\17.0.10-win32-x86_64\bin\VCRUNTIME140.dll
0x00007ffa516d0000 - 0x00007ffa51963000 	C:\WINDOWS\WinSxS\amd64_microsoft.windows.common-controls_6595b64144ccf1df_6.0.22621.3235_none_270f74e173860f98\COMCTL32.dll
0x00007ffa5d670000 - 0x00007ffa5d717000 	C:\WINDOWS\System32\msvcrt.dll
0x00007ffa5cb20000 - 0x00007ffa5cb51000 	C:\WINDOWS\System32\IMM32.DLL
0x00007ffa55d70000 - 0x00007ffa55d7c000 	c:\Users\so-u\.vscode\extensions\redhat.java-1.30.0-win32-x64\jre\17.0.10-win32-x86_64\bin\vcruntime140_1.dll
0x00007ffa2a420000 - 0x00007ffa2a4ad000 	c:\Users\so-u\.vscode\extensions\redhat.java-1.30.0-win32-x64\jre\17.0.10-win32-x86_64\bin\msvcp140.dll
0x00007ff9f4120000 - 0x00007ff9f4d82000 	c:\Users\so-u\.vscode\extensions\redhat.java-1.30.0-win32-x64\jre\17.0.10-win32-x86_64\bin\server\jvm.dll
0x00007ffa5d120000 - 0x00007ffa5d1d2000 	C:\WINDOWS\System32\ADVAPI32.dll
0x00007ffa5cea0000 - 0x00007ffa5cf48000 	C:\WINDOWS\System32\sechost.dll
0x00007ffa5c730000 - 0x00007ffa5c758000 	C:\WINDOWS\System32\bcrypt.dll
0x00007ffa5cb90000 - 0x00007ffa5cca5000 	C:\WINDOWS\System32\RPCRT4.dll
0x00007ffa5bca0000 - 0x00007ffa5bced000 	C:\WINDOWS\SYSTEM32\POWRPROF.dll
0x00007ffa54ac0000 - 0x00007ffa54af4000 	C:\WINDOWS\SYSTEM32\WINMM.dll
0x00007ffa53420000 - 0x00007ffa5342a000 	C:\WINDOWS\SYSTEM32\VERSION.dll
0x00007ffa403a0000 - 0x00007ffa403a9000 	C:\WINDOWS\SYSTEM32\WSOCK32.dll
0x00007ffa5cd10000 - 0x00007ffa5cd81000 	C:\WINDOWS\System32\WS2_32.dll
0x00007ffa5bc80000 - 0x00007ffa5bc93000 	C:\WINDOWS\SYSTEM32\UMPDC.dll
0x00007ffa5add0000 - 0x00007ffa5ade8000 	C:\WINDOWS\SYSTEM32\kernel.appcore.dll
0x00007ffa55d20000 - 0x00007ffa55d2a000 	c:\Users\so-u\.vscode\extensions\redhat.java-1.30.0-win32-x64\jre\17.0.10-win32-x86_64\bin\jimage.dll
0x00007ffa52850000 - 0x00007ffa52a83000 	C:\WINDOWS\SYSTEM32\DBGHELP.DLL
0x00007ffa5e0b0000 - 0x00007ffa5e438000 	C:\WINDOWS\System32\combase.dll
0x00007ffa5ca40000 - 0x00007ffa5cb17000 	C:\WINDOWS\System32\OLEAUT32.dll
0x00007ffa43d70000 - 0x00007ffa43da2000 	C:\WINDOWS\SYSTEM32\dbgcore.DLL
0x00007ffa5c760000 - 0x00007ffa5c7d9000 	C:\WINDOWS\System32\bcryptPrimitives.dll
0x00007ffa48de0000 - 0x00007ffa48e05000 	c:\Users\so-u\.vscode\extensions\redhat.java-1.30.0-win32-x64\jre\17.0.10-win32-x86_64\bin\java.dll
0x00007ffa49150000 - 0x00007ffa49168000 	c:\Users\so-u\.vscode\extensions\redhat.java-1.30.0-win32-x64\jre\17.0.10-win32-x86_64\bin\zip.dll
0x00007ffa5d7c0000 - 0x00007ffa5e01c000 	C:\WINDOWS\System32\SHELL32.dll
0x00007ffa59ce0000 - 0x00007ffa5a5d9000 	C:\WINDOWS\SYSTEM32\windows.storage.dll
0x00007ffa59ba0000 - 0x00007ffa59cde000 	C:\WINDOWS\SYSTEM32\wintypes.dll
0x00007ffa5cd90000 - 0x00007ffa5ce83000 	C:\WINDOWS\System32\SHCORE.dll
0x00007ffa5ccb0000 - 0x00007ffa5cd0e000 	C:\WINDOWS\System32\shlwapi.dll
0x00007ffa5bd00000 - 0x00007ffa5bd21000 	C:\WINDOWS\SYSTEM32\profapi.dll
0x00007ffa473a0000 - 0x00007ffa473b9000 	C:\Users\so-u\.vscode\extensions\redhat.java-1.30.0-win32-x64\jre\17.0.10-win32-x86_64\bin\net.dll
0x00007ffa552d0000 - 0x00007ffa55406000 	C:\WINDOWS\SYSTEM32\WINHTTP.dll
0x00007ffa5b230000 - 0x00007ffa5b299000 	C:\WINDOWS\system32\mswsock.dll
0x00007ffa47350000 - 0x00007ffa47366000 	C:\Users\so-u\.vscode\extensions\redhat.java-1.30.0-win32-x64\jre\17.0.10-win32-x86_64\bin\nio.dll
0x00007ffa4a470000 - 0x00007ffa4a480000 	c:\Users\so-u\.vscode\extensions\redhat.java-1.30.0-win32-x64\jre\17.0.10-win32-x86_64\bin\verify.dll
0x00007ffa5b580000 - 0x00007ffa5b59b000 	C:\WINDOWS\SYSTEM32\CRYPTSP.dll
0x00007ffa5ad30000 - 0x00007ffa5ad65000 	C:\WINDOWS\system32\rsaenh.dll
0x00007ffa5b2d0000 - 0x00007ffa5b2f8000 	C:\WINDOWS\SYSTEM32\USERENV.dll
0x00007ffa5b560000 - 0x00007ffa5b56c000 	C:\WINDOWS\SYSTEM32\CRYPTBASE.dll
0x00007ffa5a840000 - 0x00007ffa5a86d000 	C:\WINDOWS\SYSTEM32\IPHLPAPI.DLL
0x00007ffa5d750000 - 0x00007ffa5d759000 	C:\WINDOWS\System32\NSI.dll
0x00007ffa55190000 - 0x00007ffa551a9000 	C:\WINDOWS\SYSTEM32\dhcpcsvc6.DLL
0x00007ffa55170000 - 0x00007ffa5518f000 	C:\WINDOWS\SYSTEM32\dhcpcsvc.DLL
0x00007ffa5a8b0000 - 0x00007ffa5a9a9000 	C:\WINDOWS\SYSTEM32\DNSAPI.dll
0x00007ffa49f90000 - 0x00007ffa49f99000 	C:\Users\so-u\.vscode\extensions\redhat.java-1.30.0-win32-x64\jre\17.0.10-win32-x86_64\bin\management.dll
0x00007ffa49030000 - 0x00007ffa4903b000 	C:\Users\so-u\.vscode\extensions\redhat.java-1.30.0-win32-x64\jre\17.0.10-win32-x86_64\bin\management_ext.dll
0x00007ffa5ce90000 - 0x00007ffa5ce98000 	C:\WINDOWS\System32\PSAPI.DLL

dbghelp: loaded successfully - version: 4.0.5 - missing functions: none
symbol engine: initialized successfully - sym options: 0x614 - pdb path: .;c:\Users\so-u\.vscode\extensions\redhat.java-1.30.0-win32-x64\jre\17.0.10-win32-x86_64\bin;C:\WINDOWS\SYSTEM32;C:\WINDOWS\WinSxS\amd64_microsoft.windows.common-controls_6595b64144ccf1df_6.0.22621.3235_none_270f74e173860f98;c:\Users\so-u\.vscode\extensions\redhat.java-1.30.0-win32-x64\jre\17.0.10-win32-x86_64\bin\server

VM Arguments:
jvm_args: -Xmx1024m -Dsts.lsp.client=vscode -Dsts.log.file=/dev/null -XX:TieredStopAtLevel=1 -Xlog:jni+resolve=off -Dspring.config.location=file:c:\Users\so-u\.vscode\extensions\vmware.vscode-spring-boot-1.54.0\language-server\BOOT-INF\classes\application.properties 
java_command: org.springframework.ide.vscode.boot.app.BootLanguageServerBootApp
java_class_path (initial): c:\Users\so-u\.vscode\extensions\vmware.vscode-spring-boot-1.54.0\language-server\BOOT-INF\classes;c:\Users\so-u\.vscode\extensions\vmware.vscode-spring-boot-1.54.0\language-server\BOOT-INF\lib\annotations-24.1.0.jar;c:\Users\so-u\.vscode\extensions\vmware.vscode-spring-boot-1.54.0\language-server\BOOT-INF\lib\antlr4-runtime-4.13.1.jar;c:\Users\so-u\.vscode\extensions\vmware.vscode-spring-boot-1.54.0\language-server\BOOT-INF\lib\asm-9.7.jar;c:\Users\so-u\.vscode\extensions\vmware.vscode-spring-boot-1.54.0\language-server\BOOT-INF\lib\asm-analysis-9.7.jar;c:\Users\so-u\.vscode\extensions\vmware.vscode-spring-boot-1.54.0\language-server\BOOT-INF\lib\asm-tree-9.7.jar;c:\Users\so-u\.vscode\extensions\vmware.vscode-spring-boot-1.54.0\language-server\BOOT-INF\lib\asm-util-9.7.jar;c:\Users\so-u\.vscode\extensions\vmware.vscode-spring-boot-1.54.0\language-server\BOOT-INF\lib\caffeine-3.1.8.jar;c:\Users\so-u\.vscode\extensions\vmware.vscode-spring-boot-1.54.0\language-server\BOOT-INF\lib\checker-qual-3.12.0.jar;c:\Users\so-u\.vscode\extensions\vmware.vscode-spring-boot-1.54.0\language-server\BOOT-INF\lib\classgraph-4.8.149.jar;c:\Users\so-u\.vscode\extensions\vmware.vscode-spring-boot-1.54.0\language-server\BOOT-INF\lib\commons-codec-1.16.1.jar;c:\Users\so-u\.vscode\extensions\vmware.vscode-spring-boot-1.54.0\language-server\BOOT-INF\lib\commons-compress-1.26.1.jar;c:\Users\so-u\.vscode\extensions\vmware.vscode-spring-boot-1.54.0\language-server\BOOT-INF\lib\commons-io-2.4.jar;c:\Users\so-u\.vscode\extensions\vmware.vscode-spring-boot-1.54.0\language-server\BOOT-INF\lib\commons-java-1.54.0-SNAPSHOT.jar;c:\Users\so-u\.vscode\extensions\vmware.vscode-spring-boot-1.54.0\language-server\BOOT-INF\lib\commons-lang3-3.13.0.jar;c:\Users\so-u\.vscode\extensions\vmware.vscode-spring-boot-1.54.0\language-server\BOOT-INF\lib\commons-language-server-1.54.0-SNAPSHOT.jar;c:\Users\so-u\.vscode\extensions\vmware.vscode-spring-boot-1.54.0\language-server\BOOT-INF\
Launcher Type: SUN_STANDARD

[Global flags]
     intx CICompilerCount                          = 3                                         {product} {ergonomic}
     uint ConcGCThreads                            = 2                                         {product} {ergonomic}
     uint G1ConcRefinementThreads                  = 6                                         {product} {ergonomic}
   size_t G1HeapRegionSize                         = 1048576                                   {product} {ergonomic}
    uintx GCDrainStackTargetSize                   = 64                                        {product} {ergonomic}
   size_t InitialHeapSize                          = 123731968                                 {product} {ergonomic}
   size_t MarkStackSize                            = 4194304                                   {product} {ergonomic}
   size_t MaxHeapSize                              = 1073741824                                {product} {command line}
   size_t MaxNewSize                               = 643825664                                 {product} {ergonomic}
   size_t MinHeapDeltaBytes                        = 1048576                                   {product} {ergonomic}
   size_t MinHeapSize                              = 8388608                                   {product} {ergonomic}
    uintx NonProfiledCodeHeapSize                  = 0                                      {pd product} {ergonomic}
     bool ProfileInterpreter                       = false                                  {pd product} {command line}
    uintx ProfiledCodeHeapSize                     = 0                                      {pd product} {ergonomic}
   size_t SoftMaxHeapSize                          = 1073741824                             {manageable} {ergonomic}
     intx TieredStopAtLevel                        = 1                                         {product} {command line}
     bool UseCompressedClassPointers               = true                           {product lp64_product} {ergonomic}
     bool UseCompressedOops                        = true                           {product lp64_product} {ergonomic}
     bool UseG1GC                                  = true                                      {product} {ergonomic}
     bool UseLargePagesIndividualAllocation        = false                                  {pd product} {ergonomic}

Logging:
Log output configuration:
 #0: stdout all=warning,jni+resolve=off uptime,level,tags
 #1: stderr all=off uptime,level,tags

Environment Variables:
JAVA_HOME=C:\Program Files\Java\jdk-17
PATH=C:\Program Files\OpenLogic\jdk-11.0.22.7-hotspot\bin;C:\oraclexe\app\oracle\product\11.2.0\server\bin;C:\Program Files\Common Files\Oracle\Java\javapath;C:\WINDOWS\system32;C:\WINDOWS;C:\WINDOWS\System32\Wbem;C:\WINDOWS\System32\WindowsPowerShell\v1.0\;C:\WINDOWS\System32\OpenSSH\;C:\MinGW\bin;C:\Program Files\Bandizip\;C:\R\rtools40\usr\bin;C:\Program Files\Git\cmd;C:\Program Files\MariaDB 11.4\bin;C:\Program Files (x86)\Windows Kits\10\Windows Performance Toolkit\;C:\Program Files\nodejs\;C:\Program Files\MongoDB\Server\7.0\bin;C:\Program Files\dotnet\;C:\Users\so-u\Desktop\\sqldeveloper-23.1.0.097.1607-x64\sqldeveloper\jdk\jre\bin;C:\eGovFrame-4.0.0\bin\jdk8u242-b08\bin;C:\Users\so-u\AppData\Local\Programs\Python\Python310\Scripts\;C:\Users\so-u\AppData\Local\Programs\Python\Python310\;C:\Users\so-u\AppData\Local\Microsoft\WindowsApps;C:\MinGW\bin;C:\Users\so-u\AppData\Local\Programs\Microsoft VS Code\bin;C:\R\rtools40\usr\bin;C:\Users\so-u\AppData\Local\GitHubDesktop\bin;C:\Program Files\MariaDB 11.4\bin;C:\Program Files\JetBrains\IntelliJ IDEA Community Edition 2023.3.3\bin;;C:\Users\so-u\AppData\Roaming\npm;C:\Program Files\MongoDB\Server\7.0\bin;C:\Users\so-u\.dotnet\tools;"C:\Program Files\Java\jdk-17\lib;.";C:\Program Files\JetBrains\IntelliJ IDEA 2024.1\bin;;C:\eGovFrame-4.0.0\bin\jdk8u242-b08\bin;
USERNAME=so-u
OS=Windows_NT
PROCESSOR_IDENTIFIER=AMD64 Family 23 Model 96 Stepping 1, AuthenticAMD
TMP=C:\Users\so-u\AppData\Local\Temp
TEMP=C:\Users\so-u\AppData\Local\Temp



Periodic native trim disabled


---------------  S Y S T E M  ---------------

OS:
 Windows 11 , 64 bit Build 22621 (10.0.22621.3374)
OS uptime: 15 days 22:00 hours
Hyper-V role detected

CPU: total 6 (initial active 6) (6 cores per cpu, 1 threads per core) family 23 model 96 stepping 1 microcode 0x0, cx8, cmov, fxsr, mmx, 3dnowpref, sse, sse2, sse3, ssse3, sse4a, sse4.1, sse4.2, popcnt, lzcnt, tsc, tscinvbit, avx, avx2, aes, clmul, bmi1, bmi2, adx, sha, fma, vzeroupper, clflush, clflushopt, hv
Processor Information for all 6 processors :
  Max Mhz: 2375, Current Mhz: 2375, Mhz Limit: 2375

Memory: 4k page, system-wide physical 7549M (3622M free)
TotalPageFile size 31101M (AvailPageFile size 11M)
current process WorkingSet (physical memory assigned to process): 7M, peak: 115M
current process commit charge ("private bytes"): 217M, peak: 220M

vm_info: OpenJDK 64-Bit Server VM (17.0.10+7) for windows-amd64 JRE (17.0.10+7), built on Jan 16 2024 23:25:11 by "admin" with MS VC++ 16.10 / 16.11 (VS2019)

END.
